<?xml version="1.0" encoding="UTF-8"?>
<!-- Generated by org.testng.reporters.JUnitXMLReporter -->
<testsuite ignored="0" hostname="Lenovo" failures="0" tests="3" name="Test" time="15.532" errors="0" timestamp="2025-02-07T10:18:53 IST">
  <testcase classname="testCases.TC_SU_001" name="testSignupValidInfo" time="3.522"/>
  <testcase classname="testCases.TC_SI_002" name="testSigninValidCred" time="2.625"/>
  <testcase classname="testCases.TC_SO_001" name="testSignOut" time="2.876"/>
</testsuite> <!-- Test -->
