<?xml version="1.0" encoding="UTF-8"?>
<testng-results ignored="0" total="3" passed="3" failed="0" skipped="0">
  <reporter-output>
  </reporter-output>
  <suite started-at="2025-02-07T10:18:38 IST" name="Suite" finished-at="2025-02-07T10:18:53 IST" duration-ms="15532">
    <groups>
    </groups>
    <test started-at="2025-02-07T10:18:38 IST" name="Test" finished-at="2025-02-07T10:18:53 IST" duration-ms="15532">
      <class name="testCases.TC_SU_001">
        <test-method is-config="true" signature="setUp()[pri:0, instance:testCases.TC_SU_001@7bedc48a]" started-at="2025-02-07T10:18:38 IST" name="setUp" finished-at="2025-02-07T10:18:40 IST" duration-ms="2814" status="PASS">
          <reporter-output>
          </reporter-output>
        </test-method> <!-- setUp -->
        <test-method signature="testSignupValidInfo()[pri:0, instance:testCases.TC_SU_001@7bedc48a]" started-at="2025-02-07T10:18:41 IST" name="testSignupValidInfo" finished-at="2025-02-07T10:18:44 IST" duration-ms="3522" status="PASS">
          <reporter-output>
          </reporter-output>
        </test-method> <!-- testSignupValidInfo -->
        <test-method is-config="true" signature="tearDown()[pri:0, instance:testCases.TC_SU_001@7bedc48a]" started-at="2025-02-07T10:18:44 IST" name="tearDown" finished-at="2025-02-07T10:18:44 IST" duration-ms="255" status="PASS">
          <reporter-output>
          </reporter-output>
        </test-method> <!-- tearDown -->
      </class> <!-- testCases.TC_SU_001 -->
      <class name="testCases.TC_SO_001">
        <test-method is-config="true" signature="setUp()[pri:0, instance:testCases.TC_SO_001@37ceb1df]" started-at="2025-02-07T10:18:49 IST" name="setUp" finished-at="2025-02-07T10:18:50 IST" duration-ms="1394" status="PASS">
          <reporter-output>
          </reporter-output>
        </test-method> <!-- setUp -->
        <test-method signature="testSignOut()[pri:0, instance:testCases.TC_SO_001@37ceb1df]" started-at="2025-02-07T10:18:50 IST" name="testSignOut" finished-at="2025-02-07T10:18:53 IST" duration-ms="2876" status="PASS">
          <reporter-output>
          </reporter-output>
        </test-method> <!-- testSignOut -->
        <test-method is-config="true" signature="tearDown()[pri:0, instance:testCases.TC_SO_001@37ceb1df]" started-at="2025-02-07T10:18:53 IST" name="tearDown" finished-at="2025-02-07T10:18:53 IST" duration-ms="237" status="PASS">
          <reporter-output>
          </reporter-output>
        </test-method> <!-- tearDown -->
      </class> <!-- testCases.TC_SO_001 -->
      <class name="testCases.TC_SI_002">
        <test-method is-config="true" signature="setUp()[pri:0, instance:testCases.TC_SI_002@70325e14]" started-at="2025-02-07T10:18:44 IST" name="setUp" finished-at="2025-02-07T10:18:46 IST" duration-ms="1489" status="PASS">
          <reporter-output>
          </reporter-output>
        </test-method> <!-- setUp -->
        <test-method signature="testSigninValidCred()[pri:0, instance:testCases.TC_SI_002@70325e14]" started-at="2025-02-07T10:18:46 IST" name="testSigninValidCred" finished-at="2025-02-07T10:18:48 IST" duration-ms="2625" status="PASS">
          <reporter-output>
          </reporter-output>
        </test-method> <!-- testSigninValidCred -->
        <test-method is-config="true" signature="tearDown()[pri:0, instance:testCases.TC_SI_002@70325e14]" started-at="2025-02-07T10:18:48 IST" name="tearDown" finished-at="2025-02-07T10:18:49 IST" duration-ms="254" status="PASS">
          <reporter-output>
          </reporter-output>
        </test-method> <!-- tearDown -->
      </class> <!-- testCases.TC_SI_002 -->
    </test> <!-- Test -->
  </suite> <!-- Suite -->
</testng-results>
